2026-01-30 16:15:43,573 - INFO - Base directory: /home/mindmap/Desktop/dutch-parking-detection
2026-01-30 16:15:43,574 - INFO - Images: /home/mindmap/Desktop/dutch-parking-detection/dataset/dataset-for-viz/images
2026-01-30 16:15:43,574 - INFO - Labels: /home/mindmap/Desktop/dutch-parking-detection/dataset/dataset-for-viz/labels
2026-01-30 16:15:43,574 - INFO - Output: /home/mindmap/Desktop/dutch-parking-detection/scripts/labelstudio-import.json
2026-01-30 16:15:43,574 - INFO - ============================================================
2026-01-30 16:15:43,574 - INFO - Starting YOLO to Label Studio conversion
2026-01-30 16:15:43,574 - INFO - ============================================================
2026-01-30 16:15:43,575 - INFO - Found 216 images to process
2026-01-30 16:15:43,575 - INFO - Images directory: /home/mindmap/Desktop/dutch-parking-detection/dataset/dataset-for-viz/images
2026-01-30 16:15:43,575 - INFO - Labels directory: /home/mindmap/Desktop/dutch-parking-detection/dataset/dataset-for-viz/labels
2026-01-30 16:15:43,575 - INFO - 
2026-01-30 16:15:43,575 - INFO - [1/216] Processing: 02062c97-parking_eindhoven_0269_3004a1b7e071.png
2026-01-30 16:15:43,576 - WARNING -   Invalid polygon at line 6: 6 coords
2026-01-30 16:15:43,576 - INFO -   Found 6 polygons
2026-01-30 16:15:43,576 - INFO -   Sample task structure:
2026-01-30 16:15:43,576 - INFO -     Image: /data/upload/dataset-for-viz/02062c97-parking_eindhoven_0269_3004a1b7e071.png
2026-01-30 16:15:43,576 - INFO -     Number of polygons: 6
2026-01-30 16:15:43,576 - INFO -     First polygon points (first 3): [[41.68514412416852, 61.64079822616409], [37.472283813747225, 65.6319290465632], [39.467849223946786, 74.72283813747228]]
2026-01-30 16:15:43,576 - INFO -     First polygon total points: 8
2026-01-30 16:15:43,576 - INFO - [2/216] Processing: 035246cd-parking_eindhoven_0035_c74222deaf09.png
2026-01-30 16:15:43,576 - INFO -   Found 4 polygons
2026-01-30 16:15:43,576 - INFO -   Sample task structure:
2026-01-30 16:15:43,576 - INFO -     Image: /data/upload/dataset-for-viz/035246cd-parking_eindhoven_0035_c74222deaf09.png
2026-01-30 16:15:43,576 - INFO -     Number of polygons: 4
2026-01-30 16:15:43,576 - INFO -     First polygon points (first 3): [[1.9955654101995564, 51.88470066518847], [0.4434589800443459, 54.54545454545454], [5.099778270509978, 63.19290465631929]]
2026-01-30 16:15:43,576 - INFO -     First polygon total points: 4
2026-01-30 16:15:43,576 - INFO - [3/216] Processing: 03df9b8d-parking_eindhoven_0406_1d5d12c46e86.png
2026-01-30 16:15:43,576 - INFO -   Found 1 polygons
2026-01-30 16:15:43,576 - INFO -   Sample task structure:
2026-01-30 16:15:43,576 - INFO -     Image: /data/upload/dataset-for-viz/03df9b8d-parking_eindhoven_0406_1d5d12c46e86.png
2026-01-30 16:15:43,576 - INFO -     Number of polygons: 1
2026-01-30 16:15:43,576 - INFO -     First polygon points (first 3): [[37.6940133037694, 4.212860310421286], [47.22838137472284, 74.94456762749445], [47.893569844789354, 77.8270509977827]]
2026-01-30 16:15:43,576 - INFO -     First polygon total points: 7
2026-01-30 16:15:43,576 - INFO - [4/216] Processing: 0407006f-parking_eindhoven_0378_548c14170fe0.png
2026-01-30 16:15:43,576 - INFO -   Found 1 polygons
2026-01-30 16:15:43,577 - INFO - [5/216] Processing: 050967f5-parking_eindhoven_0009_6239e2b76745.png
2026-01-30 16:15:43,577 - WARNING -   No polygons found, skipping
2026-01-30 16:15:43,577 - INFO - [6/216] Processing: 0558529f-parking_eindhoven_0309_e2e5ff134c60.png
2026-01-30 16:15:43,577 - INFO -   Found 6 polygons
2026-01-30 16:15:43,577 - INFO - [7/216] Processing: 0676ac36-parking_eindhoven_0188_4070e11d7202.png
2026-01-30 16:15:43,577 - WARNING -   No polygons found, skipping
2026-01-30 16:15:43,577 - INFO - [8/216] Processing: 081fc195-parking_eindhoven_0234_12259ee5057d.png
2026-01-30 16:15:43,577 - INFO -   Found 2 polygons
2026-01-30 16:15:43,577 - INFO - [9/216] Processing: 0bf1b19b-parking_eindhoven_0242_13af17e24207.png
2026-01-30 16:15:43,577 - INFO -   Found 1 polygons
2026-01-30 16:15:43,577 - INFO - [10/216] Processing: 1004082c-parking_eindhoven_0448_68588b3b4530.png
2026-01-30 16:15:43,577 - WARNING -   No polygons found, skipping
2026-01-30 16:15:43,577 - INFO - [11/216] Processing: 1095c6ed-parking_eindhoven_0332_96964f0ec6e2.png
2026-01-30 16:15:43,577 - INFO -   Found 3 polygons
2026-01-30 16:15:43,577 - INFO - [12/216] Processing: 1172c5da-parking_eindhoven_0026_0aab8286b532.png
2026-01-30 16:15:43,577 - INFO -   Found 3 polygons
2026-01-30 16:15:43,578 - INFO - [13/216] Processing: 1203d18d-parking_eindhoven_0469_887f03124305.png
2026-01-30 16:15:43,578 - INFO -   Found 10 polygons
2026-01-30 16:15:43,578 - INFO - [14/216] Processing: 14eca8db-parking_eindhoven_0437_8b33eda2d534.png
2026-01-30 16:15:43,578 - INFO -   Found 5 polygons
2026-01-30 16:15:43,578 - INFO - [15/216] Processing: 15bc91c0-parking_eindhoven_0324_67588774050e.png
2026-01-30 16:15:43,578 - INFO -   Found 3 polygons
2026-01-30 16:15:43,578 - INFO - [16/216] Processing: 1652a707-parking_eindhoven_0034_7456082636d7.png
2026-01-30 16:15:43,578 - INFO -   Found 4 polygons
2026-01-30 16:15:43,578 - INFO - [17/216] Processing: 16a3ef9a-parking_eindhoven_0304_c56492df7755.png
2026-01-30 16:15:43,578 - INFO -   Found 2 polygons
2026-01-30 16:15:43,578 - INFO - [18/216] Processing: 17e3b0fe-parking_eindhoven_0322_d4b20bb62932.png
2026-01-30 16:15:43,578 - INFO -   Found 4 polygons
2026-01-30 16:15:43,578 - INFO - [19/216] Processing: 1975e960-parking_eindhoven_0481_d613a5965e01.png
2026-01-30 16:15:43,579 - INFO -   Found 1 polygons
2026-01-30 16:15:43,579 - INFO - [20/216] Processing: 1a1530cb-parking_eindhoven_0299_4e696d6e29c2.png
2026-01-30 16:15:43,579 - INFO -   Found 4 polygons
2026-01-30 16:15:43,579 - INFO - [21/216] Processing: 1b4bbf12-parking_eindhoven_0296_b5429f36509f.png
2026-01-30 16:15:43,579 - INFO -   Found 6 polygons
2026-01-30 16:15:43,579 - INFO - [22/216] Processing: 1b794fdc-parking_eindhoven_0410_e5b2a741bb47.png
2026-01-30 16:15:43,579 - INFO -   Found 3 polygons
2026-01-30 16:15:43,579 - INFO - [23/216] Processing: 1baef19b-parking_eindhoven_0489_28f57e2c8747.png
2026-01-30 16:15:43,579 - INFO -   Found 8 polygons
2026-01-30 16:15:43,579 - INFO - [24/216] Processing: 1c52a7ab-parking_eindhoven_0412_81241699b935.png
2026-01-30 16:15:43,579 - INFO -   Found 5 polygons
2026-01-30 16:15:43,579 - INFO - [25/216] Processing: 1c5fd3cf-parking_eindhoven_0285_989d73df4284.png
2026-01-30 16:15:43,579 - INFO -   Found 3 polygons
2026-01-30 16:15:43,580 - INFO - [26/216] Processing: 1d522f7c-parking_eindhoven_0238_2b93f5ae150d.png
2026-01-30 16:15:43,580 - INFO -   Found 9 polygons
2026-01-30 16:15:43,580 - INFO - [27/216] Processing: 20250f19-parking_eindhoven_0225_9dde5865bc65.png
2026-01-30 16:15:43,580 - INFO -   Found 7 polygons
2026-01-30 16:15:43,580 - INFO - [28/216] Processing: 20a95ece-parking_eindhoven_0460_83f9442150ed.png
2026-01-30 16:15:43,580 - INFO -   Found 5 polygons
2026-01-30 16:15:43,580 - INFO - [29/216] Processing: 21fe5502-parking_eindhoven_0213_4ce25db1a82a.png
2026-01-30 16:15:43,580 - INFO -   Found 4 polygons
2026-01-30 16:15:43,580 - INFO - [30/216] Processing: 22d4ec13-parking_eindhoven_0040_a3187c4de4d8.png
2026-01-30 16:15:43,580 - INFO -   Found 5 polygons
2026-01-30 16:15:43,580 - INFO - [31/216] Processing: 231b7f8c-parking_eindhoven_0253_eda3a46887ca.png
2026-01-30 16:15:43,580 - INFO -   Found 3 polygons
2026-01-30 16:15:43,581 - INFO - [32/216] Processing: 23adb422-parking_eindhoven_0483_a1e68151d966.png
2026-01-30 16:15:43,581 - INFO -   Found 2 polygons
2026-01-30 16:15:43,581 - INFO - [33/216] Processing: 264a8401-parking_eindhoven_0027_911dddfedce3.png
2026-01-30 16:15:43,581 - INFO -   Found 3 polygons
2026-01-30 16:15:43,581 - INFO - [34/216] Processing: 2bbc71bd-parking_eindhoven_0190_bf53618a4866.png
2026-01-30 16:15:43,581 - INFO -   Found 3 polygons
2026-01-30 16:15:43,581 - INFO - [35/216] Processing: 2bf77d81-parking_eindhoven_0433_827d2ab6c77c.png
2026-01-30 16:15:43,581 - INFO -   Found 3 polygons
2026-01-30 16:15:43,581 - INFO - [36/216] Processing: 2c38e687-parking_eindhoven_0240_68d6024d0db6.png
2026-01-30 16:15:43,581 - INFO -   Found 2 polygons
2026-01-30 16:15:43,581 - INFO - [37/216] Processing: 2d215740-parking_eindhoven_0490_8848eac437ae.png
2026-01-30 16:15:43,581 - INFO -   Found 2 polygons
2026-01-30 16:15:43,581 - INFO - [38/216] Processing: 2e74e24b-parking_eindhoven_0228_5906c07d24aa.png
2026-01-30 16:15:43,581 - INFO -   Found 5 polygons
2026-01-30 16:15:43,582 - INFO - [39/216] Processing: 2f34663a-parking_eindhoven_0441_cfc8e0021ccd.png
2026-01-30 16:15:43,582 - INFO -   Found 4 polygons
2026-01-30 16:15:43,582 - INFO - [40/216] Processing: 32d47dd9-parking_eindhoven_0382_e18796ed3ef1.png
2026-01-30 16:15:43,582 - WARNING -   No polygons found, skipping
2026-01-30 16:15:43,582 - INFO - [41/216] Processing: 33c30ce1-parking_eindhoven_0389_ea86f8b128ab.png
2026-01-30 16:15:43,582 - INFO -   Found 2 polygons
2026-01-30 16:15:43,582 - INFO - [42/216] Processing: 347fe41b-parking_eindhoven_0227_f7191c2697d2.png
2026-01-30 16:15:43,582 - INFO -   Found 5 polygons
2026-01-30 16:15:43,582 - INFO - [43/216] Processing: 373f6c29-parking_eindhoven_0348_97aa69ec55c0.png
2026-01-30 16:15:43,582 - WARNING -   No polygons found, skipping
2026-01-30 16:15:43,582 - INFO - [44/216] Processing: 3803a7b4-parking_eindhoven_0363_eb8daddcad0b.png
2026-01-30 16:15:43,582 - INFO -   Found 5 polygons
2026-01-30 16:15:43,582 - INFO - [45/216] Processing: 39f78a4a-parking_eindhoven_0376_ba25bc179c0e.png
2026-01-30 16:15:43,582 - INFO -   Found 5 polygons
2026-01-30 16:15:43,582 - INFO - [46/216] Processing: 3da87731-parking_eindhoven_0421_6e33363a2a81.png
2026-01-30 16:15:43,583 - INFO -   Found 4 polygons
2026-01-30 16:15:43,583 - INFO - [47/216] Processing: 42764260-parking_eindhoven_0477_7980fa676908.png
2026-01-30 16:15:43,583 - INFO -   Found 3 polygons
2026-01-30 16:15:43,583 - INFO - [48/216] Processing: 45086bca-parking_eindhoven_0330_7e8ec4c89b13.png
2026-01-30 16:15:43,583 - INFO -   Found 2 polygons
2026-01-30 16:15:43,583 - INFO - [49/216] Processing: 45699dd4-parking_eindhoven_0470_63e8a763c26d.png
2026-01-30 16:15:43,583 - INFO -   Found 2 polygons
2026-01-30 16:15:43,583 - INFO - [50/216] Processing: 45e9f73a-parking_eindhoven_0283_6fee6e4e37db.png
2026-01-30 16:15:43,583 - INFO -   Found 4 polygons
2026-01-30 16:15:43,583 - INFO - [51/216] Processing: 45f086ab-parking_eindhoven_0183_86165c2a5909.png
2026-01-30 16:15:43,583 - INFO -   Found 1 polygons
2026-01-30 16:15:43,583 - INFO - [52/216] Processing: 46df485d-parking_eindhoven_0230_5da83fa92e30.png
2026-01-30 16:15:43,583 - WARNING -   No polygons found, skipping
2026-01-30 16:15:43,583 - INFO - [53/216] Processing: 48857e3b-parking_eindhoven_0020_f78981c5f684.png
2026-01-30 16:15:43,583 - WARNING -   No polygons found, skipping
2026-01-30 16:15:43,583 - INFO - [54/216] Processing: 4b6bb11e-parking_eindhoven_0383_f16826b35875.png
2026-01-30 16:15:43,583 - INFO -   Found 3 polygons
2026-01-30 16:15:43,584 - INFO - [55/216] Processing: 4cfb2896-parking_eindhoven_0413_acedf3c8db5e.png
2026-01-30 16:15:43,584 - INFO -   Found 4 polygons
2026-01-30 16:15:43,584 - INFO - [56/216] Processing: 4e5cba44-parking_eindhoven_0229_539c142c0de9.png
2026-01-30 16:15:43,584 - INFO -   Found 2 polygons
2026-01-30 16:15:43,584 - INFO - [57/216] Processing: 4ef0561c-parking_eindhoven_0417_14099e386260.png
2026-01-30 16:15:43,584 - INFO -   Found 8 polygons
2026-01-30 16:15:43,584 - INFO - [58/216] Processing: 4f499e87-parking_eindhoven_0185_a225f13d5be6.png
2026-01-30 16:15:43,584 - INFO -   Found 3 polygons
2026-01-30 16:15:43,584 - INFO - [59/216] Processing: 50076933-parking_eindhoven_0422_6ce6a1b96a1d.png
2026-01-30 16:15:43,584 - INFO -   Found 7 polygons
2026-01-30 16:15:43,584 - INFO - [60/216] Processing: 50b90858-parking_eindhoven_0430_c31b11f6c22a.png
2026-01-30 16:15:43,584 - WARNING -   No polygons found, skipping
2026-01-30 16:15:43,584 - INFO - [61/216] Processing: 5192f236-parking_eindhoven_0212_0cf0517ca4f4.png
2026-01-30 16:15:43,584 - WARNING -   Invalid polygon at line 3: 6 coords
2026-01-30 16:15:43,585 - INFO -   Found 3 polygons
2026-01-30 16:15:43,585 - INFO - [62/216] Processing: 528d5789-parking_eindhoven_0010_6ee826712333.png
2026-01-30 16:15:43,585 - INFO -   Found 4 polygons
2026-01-30 16:15:43,585 - INFO - [63/216] Processing: 52b24460-parking_eindhoven_0455_9dc34f591140.png
2026-01-30 16:15:43,585 - INFO -   Found 3 polygons
2026-01-30 16:15:43,585 - INFO - [64/216] Processing: 52f35733-parking_eindhoven_0368_69fe540e99b5.png
2026-01-30 16:15:43,585 - INFO -   Found 4 polygons
2026-01-30 16:15:43,585 - INFO - [65/216] Processing: 5343a57d-parking_eindhoven_0360_6f2b49f49d60.png
2026-01-30 16:15:43,585 - INFO -   Found 6 polygons
2026-01-30 16:15:43,585 - INFO - [66/216] Processing: 53899c99-parking_eindhoven_0030_aa903733e44e.png
2026-01-30 16:15:43,585 - INFO -   Found 5 polygons
2026-01-30 16:15:43,585 - INFO - [67/216] Processing: 54a8ad42-parking_eindhoven_0463_5f703e851bd2.png
2026-01-30 16:15:43,585 - INFO -   Found 5 polygons
2026-01-30 16:15:43,585 - INFO - [68/216] Processing: 55aebaed-parking_eindhoven_0327_787378978377.png
2026-01-30 16:15:43,586 - INFO -   Found 5 polygons
2026-01-30 16:15:43,586 - INFO - [69/216] Processing: 55e55e8b-parking_eindhoven_0326_2794786ac5af.png
2026-01-30 16:15:43,586 - INFO -   Found 2 polygons
2026-01-30 16:15:43,586 - INFO - [70/216] Processing: 5715d14a-parking_eindhoven_0416_db9a8c91dbab.png
2026-01-30 16:15:43,586 - INFO -   Found 1 polygons
2026-01-30 16:15:43,586 - INFO - [71/216] Processing: 599e4652-parking_eindhoven_0365_173848f61adc.png
2026-01-30 16:15:43,586 - INFO -   Found 2 polygons
2026-01-30 16:15:43,586 - INFO - [72/216] Processing: 5b1e1768-parking_eindhoven_0394_e8f905f6e865.png
2026-01-30 16:15:43,586 - INFO -   Found 5 polygons
2026-01-30 16:15:43,586 - INFO - [73/216] Processing: 5ed5e530-parking_eindhoven_0369_392eeaf5c3e6.png
2026-01-30 16:15:43,586 - INFO -   Found 6 polygons
2026-01-30 16:15:43,586 - INFO - [74/216] Processing: 602e5437-parking_eindhoven_0466_fb95db2efadc.png
2026-01-30 16:15:43,586 - INFO -   Found 2 polygons
2026-01-30 16:15:43,586 - INFO - [75/216] Processing: 60b53b30-parking_eindhoven_0215_469411c39abf.png
2026-01-30 16:15:43,587 - INFO -   Found 6 polygons
2026-01-30 16:15:43,587 - INFO - [76/216] Processing: 60d2a578-parking_eindhoven_0003_05530aee5a70.png
2026-01-30 16:15:43,587 - INFO -   Found 5 polygons
2026-01-30 16:15:43,587 - INFO - [77/216] Processing: 63ed27a9-parking_eindhoven_0372_dc8315a0180f.png
2026-01-30 16:15:43,587 - WARNING -   No polygons found, skipping
2026-01-30 16:15:43,587 - INFO - [78/216] Processing: 64ec6508-parking_eindhoven_0006_249fb6a9f298.png
2026-01-30 16:15:43,587 - WARNING -   No polygons found, skipping
2026-01-30 16:15:43,587 - INFO - [79/216] Processing: 65bc6b4c-parking_eindhoven_0039_fad7a8adb608.png
2026-01-30 16:15:43,587 - INFO -   Found 4 polygons
2026-01-30 16:15:43,587 - INFO - [80/216] Processing: 6755d3d6-parking_eindhoven_0191_d7b83e0938a2.png
2026-01-30 16:15:43,587 - INFO -   Found 6 polygons
2026-01-30 16:15:43,587 - INFO - [81/216] Processing: 6794be74-parking_eindhoven_0298_6e6f60702009.png
2026-01-30 16:15:43,588 - INFO -   Found 4 polygons
2026-01-30 16:15:43,588 - INFO - [82/216] Processing: 68865472-parking_eindhoven_0176_d106e3db7aec.png
2026-01-30 16:15:43,588 - INFO -   Found 6 polygons
2026-01-30 16:15:43,588 - INFO - [83/216] Processing: 6a2b35be-parking_eindhoven_0181_4e47ffc1217f.png
2026-01-30 16:15:43,588 - INFO -   Found 3 polygons
2026-01-30 16:15:43,588 - INFO - [84/216] Processing: 6abd68a1-parking_eindhoven_0370_e756fc394f50.png
2026-01-30 16:15:43,589 - INFO -   Found 5 polygons
2026-01-30 16:15:43,589 - INFO - [85/216] Processing: 6e799404-parking_eindhoven_0210_8296156f6b48.png
2026-01-30 16:15:43,589 - INFO -   Found 7 polygons
2026-01-30 16:15:43,589 - INFO - [86/216] Processing: 6f871468-parking_eindhoven_0350_5e851f29d8f7.png
2026-01-30 16:15:43,589 - INFO -   Found 3 polygons
2026-01-30 16:15:43,589 - INFO - [87/216] Processing: 704dc577-parking_eindhoven_0388_4fecf9138784.png
2026-01-30 16:15:43,589 - INFO -   Found 6 polygons
2026-01-30 16:15:43,589 - INFO - [88/216] Processing: 72484f07-parking_eindhoven_0315_b1970ec25aab.png
2026-01-30 16:15:43,589 - INFO -   Found 4 polygons
2026-01-30 16:15:43,589 - INFO - [89/216] Processing: 751e432a-parking_eindhoven_0357_440a7861aed8.png
2026-01-30 16:15:43,589 - INFO -   Found 4 polygons
2026-01-30 16:15:43,589 - INFO - [90/216] Processing: 755c095d-parking_eindhoven_0017_5f59484ebe89.png
2026-01-30 16:15:43,589 - INFO -   Found 4 polygons
2026-01-30 16:15:43,589 - INFO - [91/216] Processing: 78c43196-parking_eindhoven_0301_be1d55455916.png
2026-01-30 16:15:43,590 - INFO -   Found 5 polygons
2026-01-30 16:15:43,590 - INFO - [92/216] Processing: 7989432d-parking_eindhoven_0364_b8abb3921aee.png
2026-01-30 16:15:43,590 - INFO -   Found 2 polygons
2026-01-30 16:15:43,590 - INFO - [93/216] Processing: 7a3e9f51-parking_eindhoven_0173_f5992d3c5392.png
2026-01-30 16:15:43,590 - INFO -   Found 2 polygons
2026-01-30 16:15:43,590 - INFO - [94/216] Processing: 7ae76c4a-parking_eindhoven_0221_332a2693043e.png
2026-01-30 16:15:43,590 - INFO -   Found 2 polygons
2026-01-30 16:15:43,590 - INFO - [95/216] Processing: 7c63b0d6-parking_eindhoven_0405_5cdfefce5848.png
2026-01-30 16:15:43,590 - INFO -   Found 2 polygons
2026-01-30 16:15:43,590 - INFO - [96/216] Processing: 7cb670c2-parking_eindhoven_0414_444929e9004c.png
2026-01-30 16:15:43,590 - INFO -   Found 6 polygons
2026-01-30 16:15:43,590 - INFO - [97/216] Processing: 7f331912-parking_eindhoven_0391_8787cf19d382.png
2026-01-30 16:15:43,590 - INFO -   Found 4 polygons
2026-01-30 16:15:43,590 - INFO - [98/216] Processing: 80b7862e-parking_eindhoven_0255_8e3f7df4cf1e.png
2026-01-30 16:15:43,591 - INFO -   Found 3 polygons
2026-01-30 16:15:43,591 - INFO - [99/216] Processing: 80f24c8d-parking_eindhoven_0474_76dcfb86caaa.png
2026-01-30 16:15:43,591 - INFO -   Found 3 polygons
2026-01-30 16:15:43,591 - INFO - [100/216] Processing: 835cf634-parking_eindhoven_0243_c94edce87cdf.png
2026-01-30 16:15:43,591 - INFO -   Found 3 polygons
2026-01-30 16:15:43,591 - INFO - [101/216] Processing: 85a4440d-parking_eindhoven_0341_b17eb39b80ad.png
2026-01-30 16:15:43,591 - INFO -   Found 2 polygons
2026-01-30 16:15:43,591 - INFO - [102/216] Processing: 85f2ca41-parking_eindhoven_0028_e4c237d2196a.png
2026-01-30 16:15:43,591 - WARNING -   Invalid polygon at line 7: 6 coords
2026-01-30 16:15:43,591 - INFO -   Found 6 polygons
2026-01-30 16:15:43,591 - INFO - [103/216] Processing: 87706116-parking_eindhoven_0452_0c91febdd979.png
2026-01-30 16:15:43,591 - WARNING -   No polygons found, skipping
2026-01-30 16:15:43,591 - INFO - [104/216] Processing: 87ff531b-parking_eindhoven_0395_8598fd939814.png
2026-01-30 16:15:43,592 - INFO -   Found 2 polygons
2026-01-30 16:15:43,592 - INFO - [105/216] Processing: 89cf6fac-parking_eindhoven_0174_97ac4dd20b15.png
2026-01-30 16:15:43,592 - INFO -   Found 5 polygons
2026-01-30 16:15:43,592 - INFO - [106/216] Processing: 8b0b1879-parking_eindhoven_0274_025b55fec83c.png
2026-01-30 16:15:43,592 - INFO -   Found 3 polygons
2026-01-30 16:15:43,592 - INFO - [107/216] Processing: 8cbcbc96-parking_eindhoven_0252_e1352b6dfa75.png
2026-01-30 16:15:43,592 - WARNING -   No polygons found, skipping
2026-01-30 16:15:43,592 - INFO - [108/216] Processing: 90bb8f5c-parking_eindhoven_0258_2fbcc732bcdb.png
2026-01-30 16:15:43,592 - INFO -   Found 1 polygons
2026-01-30 16:15:43,592 - INFO - [109/216] Processing: 914b12b4-parking_eindhoven_0308_ea0022752119.png
2026-01-30 16:15:43,592 - INFO -   Found 6 polygons
2026-01-30 16:15:43,592 - INFO - [110/216] Processing: 95137dea-parking_eindhoven_0036_440370a105d1.png
2026-01-30 16:15:43,592 - INFO -   Found 2 polygons
2026-01-30 16:15:43,592 - INFO - [111/216] Processing: 96c8d62e-parking_eindhoven_0320_985f62895b9b.png
2026-01-30 16:15:43,592 - INFO -   Found 5 polygons
2026-01-30 16:15:43,593 - INFO - [112/216] Processing: 96f0be3c-parking_eindhoven_0468_baa6c590b7f9.png
2026-01-30 16:15:43,593 - INFO -   Found 2 polygons
2026-01-30 16:15:43,593 - INFO - [113/216] Processing: 976506dd-parking_eindhoven_0403_30016c48304a.png
2026-01-30 16:15:43,593 - INFO -   Found 3 polygons
2026-01-30 16:15:43,593 - INFO - [114/216] Processing: 98568111-parking_eindhoven_0465_367774c3d81f.png
2026-01-30 16:15:43,593 - INFO -   Found 3 polygons
2026-01-30 16:15:43,593 - INFO - [115/216] Processing: 995274da-parking_eindhoven_0432_5f6087878aa9.png
2026-01-30 16:15:43,593 - INFO -   Found 4 polygons
2026-01-30 16:15:43,593 - INFO - [116/216] Processing: 99dd9af1-parking_eindhoven_0291_dfe5465e4b5b.png
2026-01-30 16:15:43,593 - INFO -   Found 6 polygons
2026-01-30 16:15:43,593 - INFO - [117/216] Processing: 9a74c60e-parking_eindhoven_0300_9703c0887c51.png
2026-01-30 16:15:43,593 - INFO -   Found 4 polygons
2026-01-30 16:15:43,593 - INFO - [118/216] Processing: 9a7a9d23-parking_eindhoven_0264_717749bf653a.png
2026-01-30 16:15:43,594 - INFO -   Found 10 polygons
2026-01-30 16:15:43,594 - INFO - [119/216] Processing: 9ade74f8-parking_eindhoven_0475_73c256dab9fb.png
2026-01-30 16:15:43,594 - INFO -   Found 5 polygons
2026-01-30 16:15:43,594 - INFO - [120/216] Processing: 9e0a4bec-parking_eindhoven_0303_41bfa3d8ea9b.png
2026-01-30 16:15:43,594 - INFO -   Found 5 polygons
2026-01-30 16:15:43,594 - INFO - [121/216] Processing: 9eae2607-parking_eindhoven_0313_18fef0a12deb.png
2026-01-30 16:15:43,594 - INFO -   Found 4 polygons
2026-01-30 16:15:43,594 - INFO - [122/216] Processing: a3123793-parking_eindhoven_0400_2992f2769188.png
2026-01-30 16:15:43,594 - WARNING -   No polygons found, skipping
2026-01-30 16:15:43,594 - INFO - [123/216] Processing: a43f4c90-parking_eindhoven_0435_720317cdeccb.png
2026-01-30 16:15:43,594 - INFO -   Found 9 polygons
2026-01-30 16:15:43,594 - INFO - [124/216] Processing: a572b581-parking_eindhoven_0384_caae1c0fcc14.png
2026-01-30 16:15:43,594 - INFO -   Found 2 polygons
2026-01-30 16:15:43,594 - INFO - [125/216] Processing: a7d679a1-parking_eindhoven_0237_5079299564a5.png
2026-01-30 16:15:43,595 - INFO -   Found 3 polygons
2026-01-30 16:15:43,595 - INFO - [126/216] Processing: a8f30dc7-parking_eindhoven_0246_83176d9c4406.png
2026-01-30 16:15:43,595 - INFO -   Found 3 polygons
2026-01-30 16:15:43,595 - INFO - [127/216] Processing: a917c1a9-parking_eindhoven_0390_dcea2b4731e8.png
2026-01-30 16:15:43,595 - INFO -   Found 5 polygons
2026-01-30 16:15:43,595 - INFO - [128/216] Processing: aa3fa7b2-parking_eindhoven_0329_ef00fc96362d.png
2026-01-30 16:15:43,595 - WARNING -   No polygons found, skipping
2026-01-30 16:15:43,595 - INFO - [129/216] Processing: aa9a3039-parking_eindhoven_0436_ccfe72b0b9e3.png
2026-01-30 16:15:43,595 - INFO -   Found 3 polygons
2026-01-30 16:15:43,595 - INFO - [130/216] Processing: aace04ab-parking_eindhoven_0005_686f08b5a8bb.png
2026-01-30 16:15:43,595 - INFO -   Found 1 polygons
2026-01-30 16:15:43,595 - INFO - [131/216] Processing: aae6439c-parking_eindhoven_0461_9337f5115647.png
2026-01-30 16:15:43,595 - INFO -   Found 4 polygons
2026-01-30 16:15:43,595 - INFO - [132/216] Processing: ab4f5715-parking_eindhoven_0265_81227c1253f4.png
2026-01-30 16:15:43,595 - INFO -   Found 2 polygons
2026-01-30 16:15:43,596 - INFO - [133/216] Processing: ac7fe844-parking_eindhoven_0021_288672779418.png
2026-01-30 16:15:43,596 - INFO -   Found 5 polygons
2026-01-30 16:15:43,596 - INFO - [134/216] Processing: added5d1-parking_eindhoven_0444_7e6965bb6ed6.png
2026-01-30 16:15:43,596 - WARNING -   No polygons found, skipping
2026-01-30 16:15:43,596 - INFO - [135/216] Processing: af631f3a-parking_eindhoven_0216_5af303a8d22a.png
2026-01-30 16:15:43,596 - INFO -   Found 2 polygons
2026-01-30 16:15:43,596 - INFO - [136/216] Processing: afbdfabd-parking_eindhoven_0346_36b2c42047fe.png
2026-01-30 16:15:43,596 - WARNING -   Invalid polygon at line 7: 6 coords
2026-01-30 16:15:43,596 - INFO -   Found 6 polygons
2026-01-30 16:15:43,596 - INFO - [137/216] Processing: aff4bedb-parking_eindhoven_0386_04620625055e.png
2026-01-30 16:15:43,596 - INFO -   Found 3 polygons
2026-01-30 16:15:43,596 - INFO - [138/216] Processing: b12e492a-parking_eindhoven_0297_12243c63a645.png
2026-01-30 16:15:43,596 - INFO -   Found 7 polygons
2026-01-30 16:15:43,596 - INFO - [139/216] Processing: b21eff39-parking_eindhoven_0316_b06f37eaa541.png
2026-01-30 16:15:43,597 - INFO -   Found 1 polygons
2026-01-30 16:15:43,597 - INFO - [140/216] Processing: b23b88e6-parking_eindhoven_0280_e111e00a1a54.png
2026-01-30 16:15:43,597 - INFO -   Found 1 polygons
2026-01-30 16:15:43,597 - INFO - [141/216] Processing: b3e6c55c-parking_eindhoven_0420_2e54dd051d62.png
2026-01-30 16:15:43,597 - WARNING -   No polygons found, skipping
2026-01-30 16:15:43,597 - INFO - [142/216] Processing: b3f7ad5b-parking_eindhoven_0467_ebbd622d10c6.png
2026-01-30 16:15:43,597 - INFO -   Found 3 polygons
2026-01-30 16:15:43,597 - INFO - [143/216] Processing: b42c54e7-parking_eindhoven_0307_4d828a0efdff.png
2026-01-30 16:15:43,597 - INFO -   Found 3 polygons
2026-01-30 16:15:43,597 - INFO - [144/216] Processing: b4a5ff60-parking_eindhoven_0226_6b4a8a3985ca.png
2026-01-30 16:15:43,597 - INFO -   Found 4 polygons
2026-01-30 16:15:43,597 - INFO - [145/216] Processing: b76dc1ed-parking_eindhoven_0472_85324d17b43e.png
2026-01-30 16:15:43,597 - INFO -   Found 1 polygons
2026-01-30 16:15:43,598 - INFO - [146/216] Processing: b83ca53e-parking_eindhoven_0337_4a237e84f328.png
2026-01-30 16:15:43,598 - INFO -   Found 3 polygons
2026-01-30 16:15:43,598 - INFO - [147/216] Processing: b8960f48-parking_eindhoven_0319_9d9617263414.png
2026-01-30 16:15:43,598 - INFO -   Found 2 polygons
2026-01-30 16:15:43,598 - INFO - [148/216] Processing: ba9cc7f8-parking_eindhoven_0399_530c2887b005.png
2026-01-30 16:15:43,598 - INFO -   Found 3 polygons
2026-01-30 16:15:43,598 - INFO - [149/216] Processing: bb6da7c1-parking_eindhoven_0211_b992a22338d1.png
2026-01-30 16:15:43,598 - INFO -   Found 3 polygons
2026-01-30 16:15:43,598 - INFO - [150/216] Processing: bbb8c6a4-parking_eindhoven_0338_86236298a2ca.png
2026-01-30 16:15:43,598 - INFO -   Found 4 polygons
2026-01-30 16:15:43,599 - INFO - [151/216] Processing: bbc41ba6-parking_eindhoven_0367_5bed50bd7ea8.png
2026-01-30 16:15:43,599 - INFO -   Found 4 polygons
2026-01-30 16:15:43,599 - INFO - [152/216] Processing: bbe14d05-parking_eindhoven_0485_0bc4cba459a4.png
2026-01-30 16:15:43,599 - WARNING -   Invalid polygon at line 5: 6 coords
2026-01-30 16:15:43,599 - INFO -   Found 6 polygons
2026-01-30 16:15:43,599 - INFO - [153/216] Processing: bf09228f-parking_eindhoven_0419_4a3899b8735e.png
2026-01-30 16:15:43,599 - INFO -   Found 5 polygons
2026-01-30 16:15:43,599 - INFO - [154/216] Processing: c1b5356c-parking_eindhoven_0247_c76e48039872.png
2026-01-30 16:15:43,599 - INFO -   Found 3 polygons
2026-01-30 16:15:43,600 - INFO - [155/216] Processing: c2d805bd-parking_eindhoven_0335_9beb17390c91.png
2026-01-30 16:15:43,600 - INFO -   Found 1 polygons
2026-01-30 16:15:43,600 - INFO - [156/216] Processing: c3cd1b55-parking_eindhoven_0249_8e9824f46eda.png
2026-01-30 16:15:43,600 - INFO -   Found 8 polygons
2026-01-30 16:15:43,600 - INFO - [157/216] Processing: c41eaee1-parking_eindhoven_0012_55e6d4d702a9.png
2026-01-30 16:15:43,600 - INFO -   Found 3 polygons
2026-01-30 16:15:43,600 - INFO - [158/216] Processing: c4382575-parking_eindhoven_0456_829703444e81.png
2026-01-30 16:15:43,600 - INFO -   Found 5 polygons
2026-01-30 16:15:43,600 - INFO - [159/216] Processing: c4e7f693-parking_eindhoven_0340_888a9a40bb6a.png
2026-01-30 16:15:43,601 - INFO -   Found 6 polygons
2026-01-30 16:15:43,601 - INFO - [160/216] Processing: c4ef2a0b-parking_eindhoven_0328_129405c6448e.png
2026-01-30 16:15:43,601 - INFO -   Found 4 polygons
2026-01-30 16:15:43,601 - INFO - [161/216] Processing: c5c363bb-parking_eindhoven_0318_d64173141699.png
2026-01-30 16:15:43,601 - INFO -   Found 5 polygons
2026-01-30 16:15:43,601 - INFO - [162/216] Processing: c5f6eb74-parking_eindhoven_0333_52f249b61f94.png
2026-01-30 16:15:43,601 - INFO -   Found 1 polygons
2026-01-30 16:15:43,601 - INFO - [163/216] Processing: c9000260-parking_eindhoven_0231_fc2516b3147b.png
2026-01-30 16:15:43,601 - INFO -   Found 1 polygons
2026-01-30 16:15:43,601 - INFO - [164/216] Processing: cbd8d8f8-parking_eindhoven_0192_dd85113b246f.png
2026-01-30 16:15:43,602 - WARNING -   No polygons found, skipping
2026-01-30 16:15:43,602 - INFO - [165/216] Processing: cc09c772-parking_eindhoven_0351_18051a6ee0ae.png
2026-01-30 16:15:43,602 - INFO -   Found 2 polygons
2026-01-30 16:15:43,602 - INFO - [166/216] Processing: cc3c19d6-parking_eindhoven_0278_40c66ca22d35.png
2026-01-30 16:15:43,602 - INFO -   Found 2 polygons
2026-01-30 16:15:43,602 - INFO - [167/216] Processing: cc535de7-parking_eindhoven_0217_656527aefe05.png
2026-01-30 16:15:43,602 - INFO -   Found 4 polygons
2026-01-30 16:15:43,602 - INFO - [168/216] Processing: ccb260b1-parking_eindhoven_0004_0cde14d3a4a8.png
2026-01-30 16:15:43,602 - INFO -   Found 1 polygons
2026-01-30 16:15:43,602 - INFO - [169/216] Processing: cd3cf6e1-parking_eindhoven_0270_23ee2113f371.png
2026-01-30 16:15:43,602 - INFO -   Found 6 polygons
2026-01-30 16:15:43,603 - INFO - [170/216] Processing: ce59d19a-parking_eindhoven_0381_8bd5ea568070.png
2026-01-30 16:15:43,603 - INFO -   Found 4 polygons
2026-01-30 16:15:43,603 - INFO - [171/216] Processing: ce73e27f-parking_eindhoven_0353_5a2777e62d73.png
2026-01-30 16:15:43,603 - INFO -   Found 2 polygons
2026-01-30 16:15:43,603 - INFO - [172/216] Processing: d3bc5571-parking_eindhoven_0259_9f504126b3dd.png
2026-01-30 16:15:43,603 - WARNING -   No polygons found, skipping
2026-01-30 16:15:43,603 - INFO - [173/216] Processing: d58aaad4-parking_eindhoven_0331_791d88fcd1e8.png
2026-01-30 16:15:43,603 - INFO -   Found 6 polygons
2026-01-30 16:15:43,603 - INFO - [174/216] Processing: d6803142-parking_eindhoven_0037_a7c28b333101.png
2026-01-30 16:15:43,603 - INFO -   Found 4 polygons
2026-01-30 16:15:43,603 - INFO - [175/216] Processing: d7d75ab5-parking_eindhoven_0334_942f26459e58.png
2026-01-30 16:15:43,603 - INFO -   Found 3 polygons
2026-01-30 16:15:43,604 - INFO - [176/216] Processing: d87a037f-parking_eindhoven_0306_caf03baa00eb.png
2026-01-30 16:15:43,604 - INFO -   Found 2 polygons
2026-01-30 16:15:43,604 - INFO - [177/216] Processing: d89ddd65-parking_eindhoven_0344_f6465b3a4600.png
2026-01-30 16:15:43,604 - INFO -   Found 6 polygons
2026-01-30 16:15:43,604 - INFO - [178/216] Processing: d9e864ae-parking_eindhoven_0256_d129e9c60629.png
2026-01-30 16:15:43,604 - INFO -   Found 4 polygons
2026-01-30 16:15:43,604 - INFO - [179/216] Processing: db5a529d-parking_eindhoven_0392_c4faeee9e7f9.png
2026-01-30 16:15:43,604 - INFO -   Found 3 polygons
2026-01-30 16:15:43,604 - INFO - [180/216] Processing: dbc9ddcb-parking_eindhoven_0223_f6ffbe2271d7.png
2026-01-30 16:15:43,604 - INFO -   Found 2 polygons
2026-01-30 16:15:43,604 - INFO - [181/216] Processing: dbd4c04b-parking_eindhoven_0019_af64fc6075d9.png
2026-01-30 16:15:43,605 - INFO -   Found 7 polygons
2026-01-30 16:15:43,605 - INFO - [182/216] Processing: dc21c8ce-parking_eindhoven_0401_d289ee75d578.png
2026-01-30 16:15:43,605 - INFO -   Found 3 polygons
2026-01-30 16:15:43,605 - INFO - [183/216] Processing: dc5ff85a-parking_eindhoven_0377_94c514a2475e.png
2026-01-30 16:15:43,605 - INFO -   Found 1 polygons
2026-01-30 16:15:43,605 - INFO - [184/216] Processing: dd40c7e9-parking_eindhoven_0261_708c9c36c13e.png
2026-01-30 16:15:43,605 - WARNING -   No polygons found, skipping
2026-01-30 16:15:43,605 - INFO - [185/216] Processing: dd7af35f-parking_eindhoven_0449_0d4a081d8ed7.png
2026-01-30 16:15:43,605 - INFO -   Found 4 polygons
2026-01-30 16:15:43,605 - INFO - [186/216] Processing: e0314acc-parking_eindhoven_0345_0479eec79383.png
2026-01-30 16:15:43,605 - INFO -   Found 5 polygons
2026-01-30 16:15:43,605 - INFO - [187/216] Processing: e157e7f1-parking_eindhoven_0186_6cac347781e9.png
2026-01-30 16:15:43,605 - WARNING -   Invalid polygon at line 4: 6 coords
2026-01-30 16:15:43,605 - INFO -   Found 3 polygons
2026-01-30 16:15:43,606 - INFO - [188/216] Processing: e24c6fcb-parking_eindhoven_0233_0594135687a9.png
2026-01-30 16:15:43,606 - INFO -   Found 6 polygons
2026-01-30 16:15:43,606 - INFO - [189/216] Processing: e48c46b2-parking_eindhoven_0251_0b7d783da2dd.png
2026-01-30 16:15:43,606 - WARNING -   Invalid polygon at line 2: 6 coords
2026-01-30 16:15:43,606 - WARNING -   Invalid polygon at line 8: 6 coords
2026-01-30 16:15:43,606 - WARNING -   Invalid polygon at line 9: 6 coords
2026-01-30 16:15:43,606 - INFO -   Found 6 polygons
2026-01-30 16:15:43,606 - INFO - [190/216] Processing: e4b6a4d0-parking_eindhoven_0488_5e97e147be50.png
2026-01-30 16:15:43,606 - INFO -   Found 2 polygons
2026-01-30 16:15:43,606 - INFO - [191/216] Processing: e5031a12-parking_eindhoven_0397_9c649d370216.png
2026-01-30 16:15:43,606 - INFO -   Found 2 polygons
2026-01-30 16:15:43,606 - INFO - [192/216] Processing: e52982e8-parking_eindhoven_0292_45d7bc711c00.png
2026-01-30 16:15:43,607 - INFO -   Found 3 polygons
2026-01-30 16:15:43,607 - INFO - [193/216] Processing: e7f0732e-parking_eindhoven_0284_31fa1f452726.png
2026-01-30 16:15:43,607 - INFO -   Found 2 polygons
2026-01-30 16:15:43,607 - INFO - [194/216] Processing: e8301d23-parking_eindhoven_0415_8305bcd24ae2.png
2026-01-30 16:15:43,607 - INFO -   Found 3 polygons
2026-01-30 16:15:43,607 - INFO - [195/216] Processing: e9094068-parking_eindhoven_0457_ea8e574f9f0b.png
2026-01-30 16:15:43,607 - INFO -   Found 1 polygons
2026-01-30 16:15:43,607 - INFO - [196/216] Processing: e92d2db2-parking_eindhoven_0371_4325984d5699.png
2026-01-30 16:15:43,607 - INFO -   Found 5 polygons
2026-01-30 16:15:43,607 - INFO - [197/216] Processing: ea09dda5-parking_eindhoven_0434_f7722dae0664.png
2026-01-30 16:15:43,607 - INFO -   Found 3 polygons
2026-01-30 16:15:43,607 - INFO - [198/216] Processing: eaabb7d6-parking_eindhoven_0366_967f02c78942.png
2026-01-30 16:15:43,607 - INFO -   Found 3 polygons
2026-01-30 16:15:43,607 - INFO - [199/216] Processing: ecd99dc6-parking_eindhoven_0424_e6af94ab63bd.png
2026-01-30 16:15:43,608 - INFO -   Found 4 polygons
2026-01-30 16:15:43,608 - INFO - [200/216] Processing: ecfc1061-parking_eindhoven_0208_dad533cb4a6e.png
2026-01-30 16:15:43,608 - INFO -   Found 4 polygons
2026-01-30 16:15:43,608 - INFO - [201/216] Processing: eec912f7-parking_eindhoven_0041_f244e87a1fc6.png
2026-01-30 16:15:43,608 - INFO -   Found 3 polygons
2026-01-30 16:15:43,608 - INFO - [202/216] Processing: ef3d2df9-parking_eindhoven_0002_f5dd0d3ba1e0.png
2026-01-30 16:15:43,608 - INFO -   Found 4 polygons
2026-01-30 16:15:43,608 - INFO - [203/216] Processing: f085daf9-parking_eindhoven_0014_2a270dd1a3e9.png
2026-01-30 16:15:43,608 - INFO -   Found 2 polygons
2026-01-30 16:15:43,608 - INFO - [204/216] Processing: f1310a37-parking_eindhoven_0425_4fa290a96808.png
2026-01-30 16:15:43,608 - INFO -   Found 3 polygons
2026-01-30 16:15:43,608 - INFO - [205/216] Processing: f17627d4-parking_eindhoven_0305_9d74fc9c3387.png
2026-01-30 16:15:43,608 - WARNING -   No polygons found, skipping
2026-01-30 16:15:43,608 - INFO - [206/216] Processing: f1864c79-parking_eindhoven_0411_682fabd48773.png
2026-01-30 16:15:43,608 - INFO -   Found 5 polygons
2026-01-30 16:15:43,608 - INFO - [207/216] Processing: f1da2d87-parking_eindhoven_0184_e41a81d8ac27.png
2026-01-30 16:15:43,609 - INFO -   Found 2 polygons
2026-01-30 16:15:43,609 - INFO - [208/216] Processing: f4ee2dc5-parking_eindhoven_0275_ba13850a0bf5.png
2026-01-30 16:15:43,609 - WARNING -   No polygons found, skipping
2026-01-30 16:15:43,609 - INFO - [209/216] Processing: f6b1d4d3-parking_eindhoven_0426_8f7b0cd363e9.png
2026-01-30 16:15:43,609 - INFO -   Found 5 polygons
2026-01-30 16:15:43,609 - INFO - [210/216] Processing: f907bb0b-parking_eindhoven_0177_be027ced2c7b.png
2026-01-30 16:15:43,609 - INFO -   Found 4 polygons
2026-01-30 16:15:43,609 - INFO - [211/216] Processing: f951be43-parking_eindhoven_0379_e485ee306748.png
2026-01-30 16:15:43,609 - INFO -   Found 2 polygons
2026-01-30 16:15:43,609 - INFO - [212/216] Processing: fc5015f8-parking_eindhoven_0385_9ce7a6114eed.png
2026-01-30 16:15:43,609 - INFO -   Found 3 polygons
2026-01-30 16:15:43,609 - INFO - [213/216] Processing: fe02bb91-parking_eindhoven_0310_44bb21363d3f.png
2026-01-30 16:15:43,609 - INFO -   Found 4 polygons
2026-01-30 16:15:43,609 - INFO - [214/216] Processing: fe25150d-parking_eindhoven_0271_11df7d6fae49.png
2026-01-30 16:15:43,610 - INFO -   Found 3 polygons
2026-01-30 16:15:43,610 - INFO - [215/216] Processing: fe3c199d-parking_eindhoven_0440_136e61e7b1a7.png
2026-01-30 16:15:43,610 - INFO -   Found 2 polygons
2026-01-30 16:15:43,610 - INFO - [216/216] Processing: ff4e2745-parking_eindhoven_0250_283159732fa4.png
2026-01-30 16:15:43,610 - INFO -   Found 2 polygons
2026-01-30 16:15:43,610 - INFO - 
2026-01-30 16:15:43,610 - INFO - ============================================================
2026-01-30 16:15:43,610 - INFO - Writing output JSON file...
2026-01-30 16:15:43,633 - INFO - Output written to: /home/mindmap/Desktop/dutch-parking-detection/scripts/labelstudio-import.json
2026-01-30 16:15:43,633 - INFO - File size: 0.73 MB
2026-01-30 16:15:43,633 - INFO - 
2026-01-30 16:15:43,633 - INFO - ============================================================
2026-01-30 16:15:43,633 - INFO - CONVERSION COMPLETE
2026-01-30 16:15:43,633 - INFO - ============================================================
2026-01-30 16:15:43,633 - INFO - Total images processed: 216
2026-01-30 16:15:43,633 - INFO - Successfully converted: 195
2026-01-30 16:15:43,633 - INFO - Skipped (no labels): 21
2026-01-30 16:15:43,633 - INFO - Errors: 0
2026-01-30 16:15:43,633 - INFO - Total tasks in JSON: 195
2026-01-30 16:15:43,633 - INFO - ============================================================
